{"numFailedTestSuites":0,"numFailedTests":0,"numPassedTestSuites":1,"numPassedTests":9,"numPendingTestSuites":0,"numPendingTests":0,"numRuntimeErrorTestSuites":0,"numTodoTests":0,"numTotalTestSuites":1,"numTotalTests":9,"openHandles":[],"snapshot":{"added":0,"didUpdate":false,"failure":false,"filesAdded":0,"filesRemoved":0,"filesRemovedList":[],"filesUnmatched":0,"filesUpdated":0,"matched":0,"total":0,"unchecked":0,"uncheckedKeysByFile":[],"unmatched":0,"updated":0},"startTime":1788226640983,"success":true,"testResults":[{"assertionResults":[{"ancestorTitles":["Section 6: High-Scale Cloud & Autonomous Systems Test Suite","Dynamic Multi-Database Tenant Provisioning"],"duration":302,"failing":false,"failureDetails":[],"failureMessages":[],"fullName":"Section 6: High-Scale Cloud & Autonomous Systems Test Suite Dynamic Multi-Database Tenant Provisioning should register tenant configuration and reuse client instance","invocations":1,"location":null,"numPassingAsserts":1,"retryReasons":[],"startAt":1788226727777,"status":"passed","title":"should register tenant configuration and reuse client instance"},{"ancestorTitles":["Section 6: High-Scale Cloud & Autonomous Systems Test Suite","Multi-Region Active-Active CRDT Conflict Resolution"],"duration":15,"failing":false,"failureDetails":[],"failureMessages":[],"fullName":"Section 6: High-Scale Cloud & Autonomous Systems Test Suite Multi-Region Active-Active CRDT Conflict Resolution should accurately calculate PN-Counter stock value across increment and decrement operations","invocations":1,"location":null,"numPassingAsserts":1,"retryReasons":[],"startAt":1788226728085,"status":"passed","title":"should accurately calculate PN-Counter stock value across increment and decrement operations"},{"ancestorTitles":["Section 6: High-Scale Cloud & Autonomous Systems Test Suite","Multi-Region Active-Active CRDT Conflict Resolution"],"duration":9,"failing":false,"failureDetails":[],"failureMessages":[],"fullName":"Section 6: High-Scale Cloud & Autonomous Systems Test Suite Multi-Region Active-Active CRDT Conflict Resolution should deterministically merge concurrent state counters from multiple regions","invocations":1,"location":null,"numPassingAsserts":4,"retryReasons":[],"startAt":1788226728100,"status":"passed","title":"should deterministically merge concurrent state counters from multiple regions"},{"ancestorTitles":["Section 6: High-Scale Cloud & Autonomous Systems Test Suite","RFID Bulk Scanning Ingestion"],"duration":228,"failing":false,"failureDetails":[],"failureMessages":[],"fullName":"Section 6: High-Scale Cloud & Autonomous Systems Test Suite RFID Bulk Scanning Ingestion should ingest scans, deduplicate repetitive EPC tags, and compute processing stats","invocations":1,"location":null,"numPassingAsserts":4,"retryReasons":[],"startAt":1788226728278,"status":"passed","title":"should ingest scans, deduplicate repetitive EPC tags, and compute processing stats"},{"ancestorTitles":["Section 6: High-Scale Cloud & Autonomous Systems Test Suite","Autonomous Inventory Engine"],"duration":2,"failing":false,"failureDetails":[],"failureMessages":[],"fullName":"Section 6: High-Scale Cloud & Autonomous Systems Test Suite Autonomous Inventory Engine should predict stockouts and calculate recommended order quantities in HUMAN_IN_THE_LOOP mode","invocations":1,"location":null,"numPassingAsserts":4,"retryReasons":[],"startAt":1788226728507,"status":"passed","title":"should predict stockouts and calculate recommended order quantities in HUMAN_IN_THE_LOOP mode"},{"ancestorTitles":["Section 6: High-Scale Cloud & Autonomous Systems Test Suite","Autonomous Inventory Engine"],"duration":1,"failing":false,"failureDetails":[],"failureMessages":[],"fullName":"Section 6: High-Scale Cloud & Autonomous Systems Test Suite Autonomous Inventory Engine should auto-issue POs in FULLY_AUTONOMOUS mode","invocations":1,"location":null,"numPassingAsserts":1,"retryReasons":[],"startAt":1788226728510,"status":"passed","title":"should auto-issue POs in FULLY_AUTONOMOUS mode"},{"ancestorTitles":["Section 6: High-Scale Cloud & Autonomous Systems Test Suite","AI Slotting Optimizer Fallback Heuristics"],"duration":1976,"failing":false,"failureDetails":[],"failureMessages":[],"fullName":"Section 6: High-Scale Cloud & Autonomous Systems Test Suite AI Slotting Optimizer Fallback Heuristics should compute optimal bin swaps using local heuristic fallback","invocations":1,"location":null,"numPassingAsserts":3,"retryReasons":[],"startAt":1788226728512,"status":"passed","title":"should compute optimal bin swaps using local heuristic fallback"},{"ancestorTitles":["Section 6: High-Scale Cloud & Autonomous Systems Test Suite","Federated GraphQL Subgraphs"],"duration":786,"failing":false,"failureDetails":[],"failureMessages":[],"fullName":"Section 6: High-Scale Cloud & Autonomous Systems Test Suite Federated GraphQL Subgraphs should instantiate inventory, catalog, and accounting subgraphs without errors","invocations":1,"location":null,"numPassingAsserts":3,"retryReasons":[],"startAt":1788226730489,"status":"passed","title":"should instantiate inventory, catalog, and accounting subgraphs without errors"},{"ancestorTitles":["Section 6: High-Scale Cloud & Autonomous Systems Test Suite","Federated GraphQL Subgraphs"],"duration":4,"failing":false,"failureDetails":[],"failureMessages":[],"fullName":"Section 6: High-Scale Cloud & Autonomous Systems Test Suite Federated GraphQL Subgraphs should resolve references for entities across subgraphs","invocations":1,"location":null,"numPassingAsserts":3,"retryReasons":[],"startAt":1788226731285,"status":"passed","title":"should resolve references for entities across subgraphs"}],"endTime":1788226731293,"message":"","name":"C:\\Users\\johns\\DEV\\inventory\\gql-ddd-inventory\\tests\\section6.test.ts","startTime":1788226642150,"status":"passed","summary":""}],"wasInterrupted":false}
